c:\users\dimokritos\source\cs454\cs454\debug\vc141.pdb
c:\users\dimokritos\source\cs454\cs454\debug\vc141.idb
c:\users\dimokritos\source\cs454\cs454\debug\enemiesmanager.obj
c:\users\dimokritos\source\cs454\cs454\debug\collisionchecker.obj
c:\users\dimokritos\source\cs454\cs454\debug\boundingbox.obj
c:\users\dimokritos\source\cs454\cs454\debug\game.obj
c:\users\dimokritos\source\cs454\cs454\debug\tickanimator.obj
c:\users\dimokritos\source\cs454\cs454\debug\movingpathanimator.obj
c:\users\dimokritos\source\cs454\cs454\debug\movinganimator.obj
c:\users\dimokritos\source\cs454\cs454\debug\framerangeanimator.obj
c:\users\dimokritos\source\cs454\cs454\debug\animatormanager.obj
c:\users\dimokritos\source\cs454\cs454\debug\animator.obj
c:\users\dimokritos\source\cs454\cs454\debug\tickanimation.obj
c:\users\dimokritos\source\cs454\cs454\debug\scrollanimation.obj
c:\users\dimokritos\source\cs454\cs454\debug\movingpathanimation.obj
c:\users\dimokritos\source\cs454\cs454\debug\movinganimation.obj
c:\users\dimokritos\source\cs454\cs454\debug\framerangeanimation.obj
c:\users\dimokritos\source\cs454\cs454\debug\framelistanimation.obj
c:\users\dimokritos\source\cs454\cs454\debug\flashanimation.obj
c:\users\dimokritos\source\cs454\cs454\debug\bitmaploader.obj
c:\users\dimokritos\source\cs454\cs454\debug\animationfilmholder.obj
c:\users\dimokritos\source\cs454\cs454\debug\animationfilm.obj
c:\users\dimokritos\source\cs454\cs454\debug\tilelayer.obj
c:\users\dimokritos\source\cs454\cs454\debug\terrain.obj
c:\users\dimokritos\source\cs454\cs454\debug\startlayer.obj
c:\users\dimokritos\source\cs454\cs454\debug\scorelayer.obj
c:\users\dimokritos\source\cs454\cs454\debug\gridlayer.obj
c:\users\dimokritos\source\cs454\cs454\debug\gridcomputation.obj
c:\users\dimokritos\source\cs454\cs454\debug\gameoverlayer.obj
c:\users\dimokritos\source\cs454\cs454\debug\circularbackground.obj
c:\users\dimokritos\source\cs454\cs454\debug\spritemanager.obj
c:\users\dimokritos\source\cs454\cs454\debug\sprite.obj
c:\users\dimokritos\source\cs454\cs454\debug\motionquantizer.obj
c:\users\dimokritos\source\cs454\cs454\debug\gravityhandler.obj
c:\users\dimokritos\source\cs454\cs454\debug\clipper.obj
c:\users\dimokritos\source\cs454\cs454\debug\soundsmanager.obj
c:\users\dimokritos\source\cs454\cs454\debug\mario.obj
c:\users\dimokritos\source\cs454\cs454\debug\main.obj
c:\users\dimokritos\source\cs454\cs454\debug\items.obj
c:\users\dimokritos\source\cs454\cs454\debug\piranha.obj
c:\users\dimokritos\source\cs454\cs454\debug\koopatroopa.obj
c:\users\dimokritos\source\cs454\cs454\debug\goomba.obj
c:\users\dimokritos\source\cs454\cs454\debug\systemtime.obj
c:\users\dimokritos\source\cs454\cs454\debug\systemclock.obj
c:\users\dimokritos\source\cs454\cs454\debug\tileset.obj
c:\users\dimokritos\source\cs454\bin\debug\cs454.exe
c:\users\dimokritos\source\cs454\bin\debug\cs454.ilk
c:\users\dimokritos\source\cs454\bin\debug\cs454.pdb
c:\users\dimokritos\source\cs454\cs454\debug\cs454.tlog\cl.command.1.tlog
c:\users\dimokritos\source\cs454\cs454\debug\cs454.tlog\cl.read.1.tlog
c:\users\dimokritos\source\cs454\cs454\debug\cs454.tlog\cl.write.1.tlog
c:\users\dimokritos\source\cs454\cs454\debug\cs454.tlog\link.command.1.tlog
c:\users\dimokritos\source\cs454\cs454\debug\cs454.tlog\link.read.1.tlog
c:\users\dimokritos\source\cs454\cs454\debug\cs454.tlog\link.write.1.tlog
